compilation for architecture [cpu] using compilation chain [nvidia]

-- The CXX compiler identification is NVHPC 24.7.0
-- Detecting CXX compiler ABI info
-- Detecting CXX compiler ABI info - done
-- Check for working CXX compiler: /sw/spack-levante/nvhpc-24.7-py26uc/Linux_x86_64/24.7/compilers/bin/nvc++ - skipped
-- Detecting CXX compile features
-- Detecting CXX compile features - done
-- Found NetCDF: /sw/spack-levante/netcdf-c-4.9.3-l7v5ip/include (found version "4.9.3") found components: C CXX 
-- FindNetCDF defines targets:
--   - NetCDF::NetCDF_C [/sw/spack-levante/netcdf-c-4.9.3-l7v5ip/lib/libnetcdf.so]
--   - NetCDF::NetCDF_CXX [/sw/spack-levante/netcdf-cxx4-4.3.1-42ju4n/lib/libnetcdf_c++4.so]
-- Found MPI_CXX: /sw/spack-levante/nvhpc-24.7-py26uc/Linux_x86_64/24.7/comm_libs/12.5/openmpi4/openmpi-4.1.5/lib/libmpi.so (found version "3.1") 
-- Found MPI: TRUE (found version "3.1")  
-- The C compiler identification is NVHPC 24.7.0
-- Detecting C compiler ABI info
-- Detecting C compiler ABI info - done
-- Check for working C compiler: /sw/spack-levante/nvhpc-24.7-py26uc/Linux_x86_64/24.7/compilers/bin/nvc - skipped
-- Detecting C compile features
-- Detecting C compile features - done
-- Build Googletest as part of muphys project
-- Found Python: /sw/spack-levante/python-3.10.10-uigoar/bin/python3.10 (found version "3.10.10") found components: Interpreter 
-- Performing Test CMAKE_HAVE_LIBC_PTHREAD
-- Performing Test CMAKE_HAVE_LIBC_PTHREAD - Success
-- Found Threads: TRUE  
-- Configuring done (6.4s)
-- Generating done (0.2s)
-- Build files have been written to: /home/b/b383366/sky/scc_at_isc25/build_std_cpu
[ 16%] Building CXX object implementations/std/CMakeFiles/muphys_implementation.dir/graupel.cpp.o
[ 16%] Building CXX object core/CMakeFiles/muphys_core.dir/common/utils.cpp.o
[ 16%] Building CXX object _deps/googletest-build/googletest/CMakeFiles/gtest.dir/src/gtest-all.cc.o
[ 22%] Building CXX object io/CMakeFiles/muphys_io.dir/io.cpp.o
"/home/b/b383366/sky/scc_at_isc25/io/io.hpp", line 19: catastrophic error: cannot open source file "netcdf_par.h"
  #include <netcdf_par.h> 
                          ^

1 catastrophic error detected in the compilation of "/home/b/b383366/sky/scc_at_isc25/io/io.cpp".
Compilation terminated.
gmake[2]: *** [io/CMakeFiles/muphys_io.dir/build.make:76: io/CMakeFiles/muphys_io.dir/io.cpp.o] Error 2
gmake[1]: *** [CMakeFiles/Makefile2:277: io/CMakeFiles/muphys_io.dir/all] Error 2
gmake[1]: *** Waiting for unfinished jobs....
[ 27%] Linking CXX shared library ../lib64/libmuphys_core.so
[ 27%] Built target muphys_core
"/home/b/b383366/sky/scc_at_isc25/build_std_cpu/_deps/googletest-src/googletest/src/gtest-internal-inl.h", line 636: warning: unknown attribute "optimize" [unrecognized_attribute]
        GTEST_NO_INLINE_ GTEST_NO_TAIL_CALL_;
                         ^

Remark: individual warnings can be suppressed with "--diag_suppress <warning-name>"

[ 33%] Linking CXX shared library ../../lib64/libmuphys_implementation.so
[ 33%] Built target muphys_implementation
"/home/b/b383366/sky/scc_at_isc25/build_std_cpu/_deps/googletest-src/googletest/src/gtest.cc", line 6262: warning: unknown attribute "optimize" [unrecognized_attribute]
  GTEST_NO_INLINE_ GTEST_NO_TAIL_CALL_ std::string
                   ^

[ 38%] Linking CXX static library ../../../lib/libgtest.a
[ 38%] Built target gtest
gmake: *** [Makefile:146: all] Error 2
slurmstepd: error: execve(): /home/b/b383366/sky/scc_at_isc25/build_std_cpu/bin/graupel: No such file or directory
slurmstepd: error: execve(): /home/b/b383366/sky/scc_at_isc25/build_std_cpu/bin/graupel: No such file or directory
slurmstepd: error: execve(): /home/b/b383366/sky/scc_at_isc25/build_std_cpu/bin/graupel: No such file or directory
srun: error: l40093: tasks 0-2: Exited with exit code 2
srun: Terminating StepId=16735230.0
cdo    diffn: Open failed on >output_dbg_double.nc<
              No such file or directory
cdo    diffn: Open failed on >output_dbg_double.nc<
              No such file or directory
[OK] Bit-identical results
slurmstepd: error: execve(): /home/b/b383366/sky/scc_at_isc25/build_std_cpu/bin/graupel: No such file or directory
slurmstepd: error: execve(): /home/b/b383366/sky/scc_at_isc25/build_std_cpu/bin/graupel: No such file or directory
slurmstepd: error: execve(): /home/b/b383366/sky/scc_at_isc25/build_std_cpu/bin/graupel: No such file or directory
srun: error: l40093: tasks 0-2: Exited with exit code 2
srun: Terminating StepId=16735230.1
cdo    diffn: Open failed on >output.nc<
              No such file or directory
cdo    diffn: Open failed on >output.nc<
              No such file or directory
[OK] Bit-identical results
slurmstepd: error: execve(): /home/b/b383366/sky/scc_at_isc25/build_std_cpu/bin/graupel: No such file or directory
slurmstepd: error: execve(): /home/b/b383366/sky/scc_at_isc25/build_std_cpu/bin/graupel: No such file or directory
slurmstepd: error: execve(): /home/b/b383366/sky/scc_at_isc25/build_std_cpu/bin/graupel: No such file or directory
srun: error: l40093: tasks 0-2: Exited with exit code 2
srun: Terminating StepId=16735230.2
cdo    diffn: Open failed on >output.nc<
              No such file or directory
cdo    diffn: Open failed on >output.nc<
              No such file or directory
[OK] Bit-identical results
rm: cannot remove 'output_dbg_double.nc': No such file or directory
Job done!

********************************************************************************
*                                                                              *
*  This is the automated job summary provided by DKRZ.                         *
*  If you encounter problems, need assistance or have any suggestion, please   *
*  write an email to                                                           *
*                                                                              *
*  --  support@dkrz.de --                                                      *
*                                                                              *
*                       We hope you enjoyed the DKRZ supercomputer LEVANTE ... *
*
* JobID            : 16735230
* JobName          : scc                                               
* Account          : ka1273
* User             : b383366 (202646), ka1273 (201200)                 
* Partition        : compute
* QOS              : normal
* Nodelist         : l40093 (1)                                                
* Submit date      : 2025-05-03T12:31:15
* Start time       : 2025-05-03T12:31:20
* End time         : 2025-05-03T12:32:00
* Elapsed time     : 00:00:40 (Timelimit=00:10:00)                     
* Command          : ./scripts/levante-cpu.sbatch
* WorkDir          : /home/b/b383366/sky/scc_at_isc25
*
* StepID | JobName      NodeHours    MaxRSS [Byte] (@task)
* ------------------------------------------------------------------------------
* 0      | graupel            0.0                7800K (0)
* 1      | graupel        0.00028                7744K (0)
* 2      | graupel            0.0                7744K (0)
* batch  | batch            0.011
* extern | extern           0.011                2156K (0)
* ------------------------------------------------------------------------------

